<?xml version="1.0" encoding="UTF-8"?>
<testsuite xmlns:xsi="http://www.w3.org/2001/XMLSchema-instance" xsi:noNamespaceSchemaLocation="https://maven.apache.org/surefire/maven-surefire-plugin/xsd/surefire-test-report.xsd" name="altunity.alttrashcatj.ShopTest" time="4.795" tests="5" errors="0" skipped="0" failures="0">
  <properties>
[...]
</properties>
  <testcase name="testShopPageCanBeClosed" classname="altunity.alttrashcatj.ShopTest" time="0.534"/>
  <testcase name="testBuySomething" classname="altunity.alttrashcatj.ShopTest" time="0.403"/>
  <testcase name="ShopPageLoadedCorrectly" classname="altunity.alttrashcatj.ShopTest" time="0.25"/>
  <testcase name="testPremiumPopUpClosed" classname="altunity.alttrashcatj.ShopTest" time="2.348"/>
  <testcase name="testPremiumPopUpOpen" classname="altunity.alttrashcatj.ShopTest" time="0.209"/>
</testsuite>