<?xml version="1.0" encoding="UTF-8"?>
<testsuite xmlns:xsi="http://www.w3.org/2001/XMLSchema-instance" xsi:noNamespaceSchemaLocation="https://maven.apache.org/surefire/maven-surefire-plugin/xsd/surefire-test-report.xsd" name="altunity.alttrashcatj.ShopTest" time="6.301" tests="5" errors="0" skipped="0" failures="0">
  <properties>
[...]
</properties>
  <testcase name="testShopPageCanBeClosed" classname="altunity.alttrashcatj.ShopTest" time="1.179"/>
  <testcase name="testBuySomething" classname="altunity.alttrashcatj.ShopTest" time="0.766"/>
  <testcase name="ShopPageLoadedCorrectly" classname="altunity.alttrashcatj.ShopTest" time="0.487"/>
  <testcase name="testPremiumPopUpClosed" classname="altunity.alttrashcatj.ShopTest" time="2.495"/>
  <testcase name="testPremiumPopUpOpen" classname="altunity.alttrashcatj.ShopTest" time="0.296"/>
</testsuite>