<?xml version="1.0" encoding="UTF-8"?>
<testsuite xmlns:xsi="http://www.w3.org/2001/XMLSchema-instance" xsi:noNamespaceSchemaLocation="https://maven.apache.org/surefire/maven-surefire-plugin/xsd/surefire-test-report.xsd" name="altunity.alttrashcatj.MainMenuTests" time="2.424" tests="2" errors="2" skipped="0" failures="0">
  <properties>
[...]
</properties>
  <testcase name="altunity.alttrashcatj.MainMenuTests" classname="altunity.alttrashcatj.MainMenuTests" time="2.424">
    <error message="Could not create connection to 192.168.11.209:13000" type="ro.altom.altunitytester.altUnityTesterExceptions.ConnectionException">ro.altom.altunitytester.altUnityTesterExceptions.ConnectionException: Could not create connection to 192.168.11.209:13000
	at altunity.alttrashcatj.MainMenuTests.setUp(MainMenuTests.java:22)
Caused by: java.net.ConnectException: Connection refused: connect
	at altunity.alttrashcatj.MainMenuTests.setUp(MainMenuTests.java:22)
</error>
    <system-out><![CDATA[2020-01-22 10:20:57 INFO  AltUnityDriver:40    -   Initializing connection to 192.168.11.209:13000
]]></system-out>
  </testcase>
  <testcase name="altunity.alttrashcatj.MainMenuTests" classname="altunity.alttrashcatj.MainMenuTests" time="2.424">
    <error type="java.lang.NullPointerException">java.lang.NullPointerException
	at altunity.alttrashcatj.MainMenuTests.tearDown(MainMenuTests.java:33)
</error>
  </testcase>
</testsuite>