<?xml version="1.0" encoding="UTF-8"?>
<testng-results total="1" passed="1" failed="0" skipped="0">
  <reporter-output>
  </reporter-output>
  <suite started-at="2022-03-08T08:44:45Z" name="Command line suite" finished-at="2022-03-08T08:44:45Z" duration-ms="48">
    <groups>
    </groups>
    <test started-at="2022-03-08T08:44:45Z" name="Command line test" finished-at="2022-03-08T08:44:45Z" duration-ms="48">
      <class name="AppTest">
        <test-method signature="testApp()[pri:0, instance:testApp(AppTest)]" started-at="2022-03-08T10:44:45Z" name="testApp" finished-at="2022-03-08T10:44:45Z" duration-ms="2" status="PASS">
          <reporter-output>
          </reporter-output>
        </test-method> <!-- testApp -->
      </class> <!-- AppTest -->
    </test> <!-- Command line test -->
  </suite> <!-- Command line suite -->
</testng-results>
