<?xml version="1.0" encoding="UTF-8"?>
<!-- Generated by org.testng.reporters.JUnitXMLReporter -->
<testsuite hostname="AltMac08.local" failures="0" tests="12" name="Command line test" time="215.45" errors="0" timestamp="8 Mar 2022 14:35:05 GMT">
  <testcase classname="GamePlayTest" name="testAvoidingObstacles" time="0.746"/>
  <testcase classname="GamePlayTest" name="testGameCanBePausedAndResumed" time="0.949"/>
  <testcase classname="GamePlayTest" name="testGameCanBePausedAndStopped" time="1.147"/>
  <testcase classname="GamePlayTest" name="testGamePlayDisplayedCorrectly" time="0.414"/>
  <testcase classname="GamePlayTest" name="testPlayerDiesWhenObstacleNotAvoided" time="21.416"/>
  <testcase classname="MainMenuTest" name="TestMainPageLoadedCorrectly" time="0.73"/>
  <testcase classname="ShopTest" name="ShopPageLoadedCorrectly" time="1.039"/>
  <testcase classname="ShopTest" name="testPremiumPopUpClosed" time="2.959"/>
  <testcase classname="ShopTest" name="testPremiumPopUpOpen" time="0.425"/>
  <testcase classname="ShopTest" name="testShopPageCanBeClosed" time="1.991"/>
  <testcase classname="StartPageTest" name="testStartButtonLoadMainMenu" time="1.878"/>
  <testcase classname="StartPageTest" name="testStartPageLoadedCorrectly" time="0.623"/>
</testsuite> <!-- Command line test -->
