<?xml version="1.0" encoding="UTF-8"?>
<testng-results total="12" passed="11" failed="1" skipped="0">
  <reporter-output>
  </reporter-output>
  <suite started-at="2022-03-08T08:43:58Z" name="Command line suite" finished-at="2022-03-08T08:44:40Z" duration-ms="42250">
    <groups>
    </groups>
    <test started-at="2022-03-08T08:43:58Z" name="Command line test" finished-at="2022-03-08T08:44:40Z" duration-ms="42250">
      <class name="MainMenuTest">
        <test-method is-config="true" signature="setUp()[pri:0, instance:MainMenuTest@65466a6a]" started-at="2022-03-08T10:44:21Z" name="setUp" finished-at="2022-03-08T10:44:21Z" duration-ms="649" status="PASS">
          <reporter-output>
          </reporter-output>
        </test-method> <!-- setUp -->
        <test-method signature="TestMainPageLoadedCorrectly()[pri:0, instance:MainMenuTest@65466a6a]" started-at="2022-03-08T10:44:21Z" name="TestMainPageLoadedCorrectly" finished-at="2022-03-08T10:44:22Z" duration-ms="730" status="PASS">
          <reporter-output>
          </reporter-output>
        </test-method> <!-- TestMainPageLoadedCorrectly -->
        <test-method is-config="true" signature="tearDown()[pri:0, instance:MainMenuTest@65466a6a]" started-at="2022-03-08T10:44:22Z" name="tearDown" finished-at="2022-03-08T10:44:23Z" duration-ms="1002" status="PASS">
          <reporter-output>
          </reporter-output>
        </test-method> <!-- tearDown -->
      </class> <!-- MainMenuTest -->
      <class name="ShopTest">
        <test-method is-config="true" signature="setUp()[pri:0, instance:ShopTest@78e117e3]" started-at="2022-03-08T10:44:23Z" name="setUp" finished-at="2022-03-08T10:44:23Z" duration-ms="440" status="PASS">
          <reporter-output>
          </reporter-output>
        </test-method> <!-- setUp -->
        <test-method signature="ShopPageLoadedCorrectly()[pri:0, instance:ShopTest@78e117e3]" started-at="2022-03-08T10:44:23Z" name="ShopPageLoadedCorrectly" finished-at="2022-03-08T10:44:24Z" duration-ms="948" status="PASS">
          <reporter-output>
          </reporter-output>
        </test-method> <!-- ShopPageLoadedCorrectly -->
        <test-method signature="testPremiumPopUpClosed()[pri:0, instance:ShopTest@78e117e3]" started-at="2022-03-08T10:44:24Z" name="testPremiumPopUpClosed" finished-at="2022-03-08T10:44:28Z" duration-ms="3163" status="PASS">
          <reporter-output>
          </reporter-output>
        </test-method> <!-- testPremiumPopUpClosed -->
        <test-method signature="testPremiumPopUpOpen()[pri:0, instance:ShopTest@78e117e3]" started-at="2022-03-08T10:44:28Z" name="testPremiumPopUpOpen" finished-at="2022-03-08T10:44:28Z" duration-ms="420" status="PASS">
          <reporter-output>
          </reporter-output>
        </test-method> <!-- testPremiumPopUpOpen -->
        <test-method signature="testShopPageCanBeClosed()[pri:0, instance:ShopTest@78e117e3]" started-at="2022-03-08T10:44:28Z" name="testShopPageCanBeClosed" finished-at="2022-03-08T10:44:30Z" duration-ms="1989" status="PASS">
          <reporter-output>
          </reporter-output>
        </test-method> <!-- testShopPageCanBeClosed -->
        <test-method is-config="true" signature="tearDown()[pri:0, instance:ShopTest@78e117e3]" started-at="2022-03-08T10:44:30Z" name="tearDown" finished-at="2022-03-08T10:44:31Z" duration-ms="1007" status="PASS">
          <reporter-output>
          </reporter-output>
        </test-method> <!-- tearDown -->
      </class> <!-- ShopTest -->
      <class name="StartPageTest">
        <test-method is-config="true" signature="setUp()[pri:0, instance:StartPageTest@1534f01b]" started-at="2022-03-08T10:44:31Z" name="setUp" finished-at="2022-03-08T10:44:32Z" duration-ms="539" status="PASS">
          <reporter-output>
          </reporter-output>
        </test-method> <!-- setUp -->
        <test-method signature="testStartButtonLoadMainMenu()[pri:0, instance:StartPageTest@1534f01b]" started-at="2022-03-08T10:44:32Z" name="testStartButtonLoadMainMenu" finished-at="2022-03-08T10:44:33Z" duration-ms="1449" status="PASS">
          <reporter-output>
          </reporter-output>
        </test-method> <!-- testStartButtonLoadMainMenu -->
        <test-method signature="testStartPageLoadedCorrectly()[pri:0, instance:StartPageTest@1534f01b]" started-at="2022-03-08T10:44:33Z" name="testStartPageLoadedCorrectly" finished-at="2022-03-08T10:44:39Z" duration-ms="6082" status="FAIL">
          <exception class="ro.altom.altunitytester.altUnityTesterExceptions.WaitTimeOutException">
            <message>
              <![CDATA[Element //UnityURLButton still not found after 5.0 seconds]]>
            </message>
            <full-stacktrace>
              <![CDATA[ro.altom.altunitytester.altUnityTesterExceptions.WaitTimeOutException: Element //UnityURLButton still not found after 5.0 seconds
	at ro.altom.altunitytester.Commands.FindObject.AltWaitForObject.Execute(AltWaitForObject.java:42)
	at ro.altom.altunitytester.AltUnityDriver.waitForObject(AltUnityDriver.java:362)
	at pages.StartPage.getUnityURLButton(StartPage.java:61)
	at StartPageTest.testStartPageLoadedCorrectly(StartPageTest.java:40)
	at java.base/jdk.internal.reflect.NativeMethodAccessorImpl.invoke0(Native Method)
	at java.base/jdk.internal.reflect.NativeMethodAccessorImpl.invoke(NativeMethodAccessorImpl.java:62)
	at java.base/jdk.internal.reflect.DelegatingMethodAccessorImpl.invoke(DelegatingMethodAccessorImpl.java:43)
	at java.base/java.lang.reflect.Method.invoke(Method.java:566)
	at org.testng.internal.MethodInvocationHelper.invokeMethod(MethodInvocationHelper.java:80)
	at org.testng.internal.Invoker.invokeMethod(Invoker.java:714)
	at org.testng.internal.Invoker.invokeTestMethod(Invoker.java:901)
	at org.testng.internal.Invoker.invokeTestMethods(Invoker.java:1231)
	at org.testng.internal.TestMethodWorker.invokeTestMethods(TestMethodWorker.java:127)
	at org.testng.internal.TestMethodWorker.run(TestMethodWorker.java:111)
	at org.testng.TestRunner.privateRun(TestRunner.java:767)
	at org.testng.TestRunner.run(TestRunner.java:617)
	at org.testng.SuiteRunner.runTest(SuiteRunner.java:334)
	at org.testng.SuiteRunner.runSequentially(SuiteRunner.java:329)
	at org.testng.SuiteRunner.privateRun(SuiteRunner.java:291)
	at org.testng.SuiteRunner.run(SuiteRunner.java:240)
	at org.testng.SuiteRunnerWorker.runSuite(SuiteRunnerWorker.java:52)
	at org.testng.SuiteRunnerWorker.run(SuiteRunnerWorker.java:86)
	at org.testng.TestNG.runSuitesSequentially(TestNG.java:1198)
	at org.testng.TestNG.runSuitesLocally(TestNG.java:1123)
	at org.testng.TestNG.run(TestNG.java:1031)
	at org.apache.maven.surefire.testng.TestNGExecutor.run(TestNGExecutor.java:77)
	at org.apache.maven.surefire.testng.TestNGDirectoryTestSuite.executeMulti(TestNGDirectoryTestSuite.java:159)
	at org.apache.maven.surefire.testng.TestNGDirectoryTestSuite.execute(TestNGDirectoryTestSuite.java:99)
	at org.apache.maven.surefire.testng.TestNGProvider.invoke(TestNGProvider.java:106)
	at java.base/jdk.internal.reflect.NativeMethodAccessorImpl.invoke0(Native Method)
	at java.base/jdk.internal.reflect.NativeMethodAccessorImpl.invoke(NativeMethodAccessorImpl.java:62)
	at java.base/jdk.internal.reflect.DelegatingMethodAccessorImpl.invoke(DelegatingMethodAccessorImpl.java:43)
	at java.base/java.lang.reflect.Method.invoke(Method.java:566)
	at org.apache.maven.surefire.util.ReflectionUtils.invokeMethodWithArray(ReflectionUtils.java:189)
	at org.apache.maven.surefire.booter.ProviderFactory$ProviderProxy.invoke(ProviderFactory.java:165)
	at org.apache.maven.surefire.booter.ProviderFactory.invokeProvider(ProviderFactory.java:85)
	at org.apache.maven.surefire.booter.ForkedBooter.runSuitesInProcess(ForkedBooter.java:115)
	at org.apache.maven.surefire.booter.ForkedBooter.main(ForkedBooter.java:75)
]]>
            </full-stacktrace>
          </exception> <!-- ro.altom.altunitytester.altUnityTesterExceptions.WaitTimeOutException -->
          <reporter-output>
          </reporter-output>
        </test-method> <!-- testStartPageLoadedCorrectly -->
        <test-method is-config="true" signature="tearDown()[pri:0, instance:StartPageTest@1534f01b]" started-at="2022-03-08T10:44:39Z" name="tearDown" finished-at="2022-03-08T10:44:40Z" duration-ms="1007" status="PASS">
          <reporter-output>
          </reporter-output>
        </test-method> <!-- tearDown -->
      </class> <!-- StartPageTest -->
      <class name="GamePlayTest">
        <test-method is-config="true" signature="setUpAppium()[pri:0, instance:GamePlayTest@1e802ef9]" started-at="2022-03-08T10:43:43Z" name="setUpAppium" finished-at="2022-03-08T10:43:58Z" duration-ms="14578" status="PASS">
          <reporter-output>
          </reporter-output>
        </test-method> <!-- setUpAppium -->
        <test-method is-config="true" signature="setUp()[pri:0, instance:GamePlayTest@1e802ef9]" started-at="2022-03-08T10:43:58Z" name="setUp" finished-at="2022-03-08T10:44:00Z" duration-ms="1800" status="PASS">
          <reporter-output>
          </reporter-output>
        </test-method> <!-- setUp -->
        <test-method signature="testAvoidingObstacles()[pri:0, instance:GamePlayTest@1e802ef9]" started-at="2022-03-08T10:44:00Z" name="testAvoidingObstacles" finished-at="2022-03-08T10:44:00Z" duration-ms="637" status="PASS">
          <reporter-output>
          </reporter-output>
        </test-method> <!-- testAvoidingObstacles -->
        <test-method signature="testGameCanBePausedAndResumed()[pri:0, instance:GamePlayTest@1e802ef9]" started-at="2022-03-08T10:44:00Z" name="testGameCanBePausedAndResumed" finished-at="2022-03-08T10:44:01Z" duration-ms="1176" status="PASS">
          <reporter-output>
          </reporter-output>
        </test-method> <!-- testGameCanBePausedAndResumed -->
        <test-method signature="testGameCanBePausedAndStopped()[pri:0, instance:GamePlayTest@1e802ef9]" started-at="2022-03-08T10:44:01Z" name="testGameCanBePausedAndStopped" finished-at="2022-03-08T10:44:03Z" duration-ms="1198" status="PASS">
          <reporter-output>
          </reporter-output>
        </test-method> <!-- testGameCanBePausedAndStopped -->
        <test-method signature="testGamePlayDisplayedCorrectly()[pri:0, instance:GamePlayTest@1e802ef9]" started-at="2022-03-08T10:44:03Z" name="testGamePlayDisplayedCorrectly" finished-at="2022-03-08T10:44:03Z" duration-ms="434" status="PASS">
          <reporter-output>
          </reporter-output>
        </test-method> <!-- testGamePlayDisplayedCorrectly -->
        <test-method signature="testPlayerDiesWhenObstacleNotAvoided()[pri:0, instance:GamePlayTest@1e802ef9]" started-at="2022-03-08T10:44:03Z" name="testPlayerDiesWhenObstacleNotAvoided" finished-at="2022-03-08T10:44:20Z" duration-ms="16552" status="PASS">
          <reporter-output>
          </reporter-output>
        </test-method> <!-- testPlayerDiesWhenObstacleNotAvoided -->
        <test-method is-config="true" signature="tearDown()[pri:0, instance:GamePlayTest@1e802ef9]" started-at="2022-03-08T10:44:20Z" name="tearDown" finished-at="2022-03-08T10:44:21Z" duration-ms="1009" status="PASS">
          <reporter-output>
          </reporter-output>
        </test-method> <!-- tearDown -->
        <test-method is-config="true" signature="tearDownAppium()[pri:0, instance:GamePlayTest@1e802ef9]" started-at="2022-03-08T10:44:45Z" name="tearDownAppium" finished-at="2022-03-08T10:44:45Z" duration-ms="45" status="PASS">
          <reporter-output>
          </reporter-output>
        </test-method> <!-- tearDownAppium -->
      </class> <!-- GamePlayTest -->
    </test> <!-- Command line test -->
  </suite> <!-- Command line suite -->
</testng-results>
