-------------------------------------------------------------------------------
Test set: ShopTest
-------------------------------------------------------------------------------
Tests run: 3, Failures: 0, Errors: 3, Skipped: 0, Time elapsed: 185.872 sec <<< FAILURE!
testShopPageCanBeClosed(ShopTest)  Time elapsed: 65.802 sec  <<< ERROR!
ro.altom.altunitytester.altUnityTesterExceptions.ConnectionTimeoutException: Failed to connect to AltUnity Tester on host: 127.0.0.1 port: 13000.
	at ro.altom.altunitytester.WebsocketConnection.connect(WebsocketConnection.java:103)
	at ro.altom.altunitytester.AltUnityDriver.<init>(AltUnityDriver.java:70)
	at ro.altom.altunitytester.AltUnityDriver.<init>(AltUnityDriver.java:57)
	at ro.altom.altunitytester.AltUnityDriver.<init>(AltUnityDriver.java:53)
	at ro.altom.altunitytester.AltUnityDriver.<init>(AltUnityDriver.java:49)
	at ShopTest.setUp(ShopTest.java:43)
	at junit.framework.TestCase.runBare(TestCase.java:140)
	at junit.framework.TestResult$1.protect(TestResult.java:122)
	at junit.framework.TestResult.runProtected(TestResult.java:142)
	at junit.framework.TestResult.run(TestResult.java:125)
	at junit.framework.TestCase.run(TestCase.java:130)
	at junit.framework.TestSuite.runTest(TestSuite.java:241)
	at junit.framework.TestSuite.run(TestSuite.java:236)
	at org.junit.internal.runners.JUnit38ClassRunner.run(JUnit38ClassRunner.java:90)
	at org.apache.maven.surefire.junit4.JUnit4Provider.execute(JUnit4Provider.java:252)
	at org.apache.maven.surefire.junit4.JUnit4Provider.executeTestSet(JUnit4Provider.java:141)
	at org.apache.maven.surefire.junit4.JUnit4Provider.invoke(JUnit4Provider.java:112)
	at java.base/jdk.internal.reflect.NativeMethodAccessorImpl.invoke0(Native Method)
	at java.base/jdk.internal.reflect.NativeMethodAccessorImpl.invoke(NativeMethodAccessorImpl.java:62)
	at java.base/jdk.internal.reflect.DelegatingMethodAccessorImpl.invoke(DelegatingMethodAccessorImpl.java:43)
	at java.base/java.lang.reflect.Method.invoke(Method.java:566)
	at org.apache.maven.surefire.util.ReflectionUtils.invokeMethodWithArray(ReflectionUtils.java:189)
	at org.apache.maven.surefire.booter.ProviderFactory$ProviderProxy.invoke(ProviderFactory.java:165)
	at org.apache.maven.surefire.booter.ProviderFactory.invokeProvider(ProviderFactory.java:85)
	at org.apache.maven.surefire.booter.ForkedBooter.runSuitesInProcess(ForkedBooter.java:115)
	at org.apache.maven.surefire.booter.ForkedBooter.main(ForkedBooter.java:75)
Caused by: java.net.ConnectException: Connection refused
	at java.base/sun.nio.ch.SocketChannelImpl.checkConnect(Native Method)
	at java.base/sun.nio.ch.SocketChannelImpl.finishConnect(SocketChannelImpl.java:777)
	at org.glassfish.grizzly.nio.transport.TCPNIOConnectorHandler.onConnectedAsync(TCPNIOConnectorHandler.java:206)
	at org.glassfish.grizzly.nio.transport.TCPNIOConnectorHandler$1.connected(TCPNIOConnectorHandler.java:154)
	at org.glassfish.grizzly.nio.transport.TCPNIOConnection.onConnect(TCPNIOConnection.java:258)
	at org.glassfish.grizzly.nio.transport.TCPNIOTransport.fireIOEvent(TCPNIOTransport.java:552)
	at org.glassfish.grizzly.strategies.AbstractIOStrategy.fireIOEvent(AbstractIOStrategy.java:112)
	at org.glassfish.grizzly.strategies.WorkerThreadIOStrategy.run0(WorkerThreadIOStrategy.java:117)
	at org.glassfish.grizzly.strategies.WorkerThreadIOStrategy.executeIoEvent(WorkerThreadIOStrategy.java:103)
	at org.glassfish.grizzly.strategies.AbstractIOStrategy.executeIoEvent(AbstractIOStrategy.java:89)
	at org.glassfish.grizzly.nio.SelectorRunner.iterateKeyEvents(SelectorRunner.java:414)
	at org.glassfish.grizzly.nio.SelectorRunner.iterateKeys(SelectorRunner.java:383)
	at org.glassfish.grizzly.nio.SelectorRunner.doSelect(SelectorRunner.java:347)
	at org.glassfish.grizzly.nio.SelectorRunner.run(SelectorRunner.java:278)
	at org.glassfish.grizzly.threadpool.AbstractThreadPool$Worker.doWork(AbstractThreadPool.java:565)
	at org.glassfish.grizzly.threadpool.AbstractThreadPool$Worker.run(AbstractThreadPool.java:545)
	at java.base/java.lang.Thread.run(Thread.java:829)

testPremiumPopUpClosed(ShopTest)  Time elapsed: 60.045 sec  <<< ERROR!
ro.altom.altunitytester.altUnityTesterExceptions.ConnectionTimeoutException: Failed to connect to AltUnity Tester on host: 127.0.0.1 port: 13000.
	at ro.altom.altunitytester.WebsocketConnection.connect(WebsocketConnection.java:103)
	at ro.altom.altunitytester.AltUnityDriver.<init>(AltUnityDriver.java:70)
	at ro.altom.altunitytester.AltUnityDriver.<init>(AltUnityDriver.java:57)
	at ro.altom.altunitytester.AltUnityDriver.<init>(AltUnityDriver.java:53)
	at ro.altom.altunitytester.AltUnityDriver.<init>(AltUnityDriver.java:49)
	at ShopTest.setUp(ShopTest.java:43)
	at junit.framework.TestCase.runBare(TestCase.java:140)
	at junit.framework.TestResult$1.protect(TestResult.java:122)
	at junit.framework.TestResult.runProtected(TestResult.java:142)
	at junit.framework.TestResult.run(TestResult.java:125)
	at junit.framework.TestCase.run(TestCase.java:130)
	at junit.framework.TestSuite.runTest(TestSuite.java:241)
	at junit.framework.TestSuite.run(TestSuite.java:236)
	at org.junit.internal.runners.JUnit38ClassRunner.run(JUnit38ClassRunner.java:90)
	at org.apache.maven.surefire.junit4.JUnit4Provider.execute(JUnit4Provider.java:252)
	at org.apache.maven.surefire.junit4.JUnit4Provider.executeTestSet(JUnit4Provider.java:141)
	at org.apache.maven.surefire.junit4.JUnit4Provider.invoke(JUnit4Provider.java:112)
	at java.base/jdk.internal.reflect.NativeMethodAccessorImpl.invoke0(Native Method)
	at java.base/jdk.internal.reflect.NativeMethodAccessorImpl.invoke(NativeMethodAccessorImpl.java:62)
	at java.base/jdk.internal.reflect.DelegatingMethodAccessorImpl.invoke(DelegatingMethodAccessorImpl.java:43)
	at java.base/java.lang.reflect.Method.invoke(Method.java:566)
	at org.apache.maven.surefire.util.ReflectionUtils.invokeMethodWithArray(ReflectionUtils.java:189)
	at org.apache.maven.surefire.booter.ProviderFactory$ProviderProxy.invoke(ProviderFactory.java:165)
	at org.apache.maven.surefire.booter.ProviderFactory.invokeProvider(ProviderFactory.java:85)
	at org.apache.maven.surefire.booter.ForkedBooter.runSuitesInProcess(ForkedBooter.java:115)
	at org.apache.maven.surefire.booter.ForkedBooter.main(ForkedBooter.java:75)
Caused by: java.net.ConnectException: Connection refused
	at java.base/sun.nio.ch.SocketChannelImpl.checkConnect(Native Method)
	at java.base/sun.nio.ch.SocketChannelImpl.finishConnect(SocketChannelImpl.java:777)
	at org.glassfish.grizzly.nio.transport.TCPNIOConnectorHandler.onConnectedAsync(TCPNIOConnectorHandler.java:206)
	at org.glassfish.grizzly.nio.transport.TCPNIOConnectorHandler$1.connected(TCPNIOConnectorHandler.java:154)
	at org.glassfish.grizzly.nio.transport.TCPNIOConnection.onConnect(TCPNIOConnection.java:258)
	at org.glassfish.grizzly.nio.transport.TCPNIOTransport.fireIOEvent(TCPNIOTransport.java:552)
	at org.glassfish.grizzly.strategies.AbstractIOStrategy.fireIOEvent(AbstractIOStrategy.java:112)
	at org.glassfish.grizzly.strategies.WorkerThreadIOStrategy.run0(WorkerThreadIOStrategy.java:117)
	at org.glassfish.grizzly.strategies.WorkerThreadIOStrategy.executeIoEvent(WorkerThreadIOStrategy.java:103)
	at org.glassfish.grizzly.strategies.AbstractIOStrategy.executeIoEvent(AbstractIOStrategy.java:89)
	at org.glassfish.grizzly.nio.SelectorRunner.iterateKeyEvents(SelectorRunner.java:414)
	at org.glassfish.grizzly.nio.SelectorRunner.iterateKeys(SelectorRunner.java:383)
	at org.glassfish.grizzly.nio.SelectorRunner.doSelect(SelectorRunner.java:347)
	at org.glassfish.grizzly.nio.SelectorRunner.run(SelectorRunner.java:278)
	at org.glassfish.grizzly.threadpool.AbstractThreadPool$Worker.doWork(AbstractThreadPool.java:565)
	at org.glassfish.grizzly.threadpool.AbstractThreadPool$Worker.run(AbstractThreadPool.java:545)
	at java.base/java.lang.Thread.run(Thread.java:829)

testPremiumPopUpOpen(ShopTest)  Time elapsed: 60.004 sec  <<< ERROR!
ro.altom.altunitytester.altUnityTesterExceptions.ConnectionTimeoutException: Failed to connect to AltUnity Tester on host: 127.0.0.1 port: 13000.
	at ro.altom.altunitytester.WebsocketConnection.connect(WebsocketConnection.java:103)
	at ro.altom.altunitytester.AltUnityDriver.<init>(AltUnityDriver.java:70)
	at ro.altom.altunitytester.AltUnityDriver.<init>(AltUnityDriver.java:57)
	at ro.altom.altunitytester.AltUnityDriver.<init>(AltUnityDriver.java:53)
	at ro.altom.altunitytester.AltUnityDriver.<init>(AltUnityDriver.java:49)
	at ShopTest.setUp(ShopTest.java:43)
	at junit.framework.TestCase.runBare(TestCase.java:140)
	at junit.framework.TestResult$1.protect(TestResult.java:122)
	at junit.framework.TestResult.runProtected(TestResult.java:142)
	at junit.framework.TestResult.run(TestResult.java:125)
	at junit.framework.TestCase.run(TestCase.java:130)
	at junit.framework.TestSuite.runTest(TestSuite.java:241)
	at junit.framework.TestSuite.run(TestSuite.java:236)
	at org.junit.internal.runners.JUnit38ClassRunner.run(JUnit38ClassRunner.java:90)
	at org.apache.maven.surefire.junit4.JUnit4Provider.execute(JUnit4Provider.java:252)
	at org.apache.maven.surefire.junit4.JUnit4Provider.executeTestSet(JUnit4Provider.java:141)
	at org.apache.maven.surefire.junit4.JUnit4Provider.invoke(JUnit4Provider.java:112)
	at java.base/jdk.internal.reflect.NativeMethodAccessorImpl.invoke0(Native Method)
	at java.base/jdk.internal.reflect.NativeMethodAccessorImpl.invoke(NativeMethodAccessorImpl.java:62)
	at java.base/jdk.internal.reflect.DelegatingMethodAccessorImpl.invoke(DelegatingMethodAccessorImpl.java:43)
	at java.base/java.lang.reflect.Method.invoke(Method.java:566)
	at org.apache.maven.surefire.util.ReflectionUtils.invokeMethodWithArray(ReflectionUtils.java:189)
	at org.apache.maven.surefire.booter.ProviderFactory$ProviderProxy.invoke(ProviderFactory.java:165)
	at org.apache.maven.surefire.booter.ProviderFactory.invokeProvider(ProviderFactory.java:85)
	at org.apache.maven.surefire.booter.ForkedBooter.runSuitesInProcess(ForkedBooter.java:115)
	at org.apache.maven.surefire.booter.ForkedBooter.main(ForkedBooter.java:75)
Caused by: java.net.ConnectException: Connection refused
	at java.base/sun.nio.ch.SocketChannelImpl.checkConnect(Native Method)
	at java.base/sun.nio.ch.SocketChannelImpl.finishConnect(SocketChannelImpl.java:777)
	at org.glassfish.grizzly.nio.transport.TCPNIOConnectorHandler.onConnectedAsync(TCPNIOConnectorHandler.java:206)
	at org.glassfish.grizzly.nio.transport.TCPNIOConnectorHandler$1.connected(TCPNIOConnectorHandler.java:154)
	at org.glassfish.grizzly.nio.transport.TCPNIOConnection.onConnect(TCPNIOConnection.java:258)
	at org.glassfish.grizzly.nio.transport.TCPNIOTransport.fireIOEvent(TCPNIOTransport.java:552)
	at org.glassfish.grizzly.strategies.AbstractIOStrategy.fireIOEvent(AbstractIOStrategy.java:112)
	at org.glassfish.grizzly.strategies.WorkerThreadIOStrategy.run0(WorkerThreadIOStrategy.java:117)
	at org.glassfish.grizzly.strategies.WorkerThreadIOStrategy.executeIoEvent(WorkerThreadIOStrategy.java:103)
	at org.glassfish.grizzly.strategies.AbstractIOStrategy.executeIoEvent(AbstractIOStrategy.java:89)
	at org.glassfish.grizzly.nio.SelectorRunner.iterateKeyEvents(SelectorRunner.java:414)
	at org.glassfish.grizzly.nio.SelectorRunner.iterateKeys(SelectorRunner.java:383)
	at org.glassfish.grizzly.nio.SelectorRunner.doSelect(SelectorRunner.java:347)
	at org.glassfish.grizzly.nio.SelectorRunner.run(SelectorRunner.java:278)
	at org.glassfish.grizzly.threadpool.AbstractThreadPool$Worker.doWork(AbstractThreadPool.java:565)
	at org.glassfish.grizzly.threadpool.AbstractThreadPool$Worker.run(AbstractThreadPool.java:545)
	at java.base/java.lang.Thread.run(Thread.java:829)

