<?xml version="1.0" encoding="UTF-8" ?>
<testsuite tests="12" failures="0" name="TestSuite" time="34.324" errors="0" skipped="0">
  <properties>
[...]
</properties>
  <testcase classname="GamePlayTest" name="testAvoidingObstacles" time="0.748"/>
  <testcase classname="GamePlayTest" name="testGameCanBePausedAndResumed" time="0.95"/>
  <testcase classname="GamePlayTest" name="testGameCanBePausedAndStopped" time="1.148"/>
  <testcase classname="GamePlayTest" name="testGamePlayDisplayedCorrectly" time="0.415"/>
  <testcase classname="GamePlayTest" name="testPlayerDiesWhenObstacleNotAvoided" time="21.417"/>
  <testcase classname="MainMenuTest" name="TestMainPageLoadedCorrectly" time="0.73"/>
  <testcase classname="ShopTest" name="ShopPageLoadedCorrectly" time="1.04"/>
  <testcase classname="ShopTest" name="testPremiumPopUpClosed" time="2.96"/>
  <testcase classname="ShopTest" name="testPremiumPopUpOpen" time="0.425"/>
  <testcase classname="ShopTest" name="testShopPageCanBeClosed" time="1.991"/>
  <testcase classname="StartPageTest" name="testStartButtonLoadMainMenu" time="1.877"/>
  <testcase classname="StartPageTest" name="testStartPageLoadedCorrectly" time="0.623"/>
</testsuite>